<?xml version="1.0" encoding="UTF-8"?>
<testsuite xmlns:xsi="http://www.w3.org/2001/XMLSchema-instance" xsi:noNamespaceSchemaLocation="https://maven.apache.org/surefire/maven-surefire-plugin/xsd/surefire-test-report.xsd" name="TestSuite" time="11.54" tests="2" errors="0" skipped="0" failures="1">
  <properties>
[...]
</properties>
  <testcase name="f" classname="TestNG_.MyNewTNG" time="0.001"/>
  <testcase name="myfunction" classname="Core_Framework.Test_Loader" time="10.463">
    <failure message="Given xpath expression &quot;&quot; is invalid: SyntaxError: The expression is not a legal expression.&#10;For documentation on this error, please visit: http://seleniumhq.org/exceptions/invalid_selector_exception.html&#10;Build info: version: &apos;3.7.1&apos;, revision: &apos;8a0099a&apos;, time: &apos;2017-11-06T21:01:39.354Z&apos;&#10;System info: host: &apos;LAPTOP-91EM3E8D&apos;, ip: &apos;192.168.56.1&apos;, os.name: &apos;Windows 10&apos;, os.arch: &apos;amd64&apos;, os.version: &apos;10.0&apos;, java.version: &apos;1.8.0_121&apos;&#10;Driver info: org.openqa.selenium.firefox.FirefoxDriver&#10;Capabilities {acceptInsecureCerts: true, browserName: firefox, browserVersion: 57.0, javascriptEnabled: true, moz:accessibilityChecks: false, moz:headless: false, moz:processID: 5540, moz:profile: C:\Users\Mahesh\AppData\Loc..., moz:webdriverClick: false, pageLoadStrategy: normal, platform: XP, platformName: XP, platformVersion: 10.0, rotatable: false, timeouts: {implicit: 0, pageLoad: 300000, script: 30000}}&#10;Session ID: b31f1ade-ba37-4654-8ac5-646a3073c9eb&#10;*** Element info: {Using=xpath, value=}" type="org.openqa.selenium.InvalidSelectorException">org.openqa.selenium.InvalidSelectorException: 
Given xpath expression "" is invalid: SyntaxError: The expression is not a legal expression.
For documentation on this error, please visit: http://seleniumhq.org/exceptions/invalid_selector_exception.html
Build info: version: '3.7.1', revision: '8a0099a', time: '2017-11-06T21:01:39.354Z'
System info: host: 'LAPTOP-91EM3E8D', ip: '192.168.56.1', os.name: 'Windows 10', os.arch: 'amd64', os.version: '10.0', java.version: '1.8.0_121'
Driver info: org.openqa.selenium.firefox.FirefoxDriver
Capabilities {acceptInsecureCerts: true, browserName: firefox, browserVersion: 57.0, javascriptEnabled: true, moz:accessibilityChecks: false, moz:headless: false, moz:processID: 5540, moz:profile: C:\Users\Mahesh\AppData\Loc..., moz:webdriverClick: false, pageLoadStrategy: normal, platform: XP, platformName: XP, platformVersion: 10.0, rotatable: false, timeouts: {implicit: 0, pageLoad: 300000, script: 30000}}
Session ID: b31f1ade-ba37-4654-8ac5-646a3073c9eb
*** Element info: {Using=xpath, value=}
	at Core_Framework.Test_Loader.myfunction(Test_Loader.java:17)
</failure>
    <system-out><![CDATA[Inside @AfterMEthod Annotation
Inside @AfterClass Annotation
]]></system-out>
    <system-err><![CDATA[1511707820669	geckodriver	INFO	geckodriver 0.19.0
1511707820685	geckodriver	INFO	Listening on 127.0.0.1:39390
1511707821477	mozrunner::runner	INFO	Running command: "C:\\Program Files\\Mozilla Firefox\\firefox.exe" "-marionette" "-profile" "C:\\Users\\Mahesh\\AppData\\Local\\Temp\\rust_mozprofile.OEIjBsQjxuW6"
1511707822634	Marionette	INFO	Enabled via --marionette
Unable to read VR Path Registry from C:\Users\Mahesh\AppData\Local\openvr\openvrpaths.vrpath
[Parent 5540, Gecko_IOThread] WARNING: pipe error: 109: file z:/build/build/src/ipc/chromium/src/chrome/common/ipc_channel_win.cc, line 346
Unable to read VR Path Registry from C:\Users\Mahesh\AppData\Local\openvr\openvrpaths.vrpath
[Child 17464, Chrome_ChildThread] WARNING: pipe error: 109: file z:/build/build/src/ipc/chromium/src/chrome/common/ipc_channel_win.cc, line 346
[Child 17464, Chrome_ChildThread] WARNING: pipe error: 109: file z:/build/build/src/ipc/chromium/src/chrome/common/ipc_channel_win.cc, line 346
1511707825373	Marionette	INFO	Listening on port 52230
1511707825724	Marionette	WARN	TLS certificate errors will be ignored for this session
1511707825933	Marionette	DEBUG	Register listener.js for window 4294967297
Nov 26, 2017 8:20:26 PM org.openqa.selenium.remote.ProtocolHandshake createSession
INFO: Detected dialect: W3C
1511707826126	Marionette	DEBUG	Received DOM event "beforeunload" for "about:blank"
1511707826776	Marionette	DEBUG	Received DOM event "pagehide" for "about:blank"
1511707826776	Marionette	DEBUG	Received DOM event "unload" for "about:blank"
1511707827080	Marionette	DEBUG	Received DOM event "DOMContentLoaded" for "https://www.google.co.in/?gfe_rd=cr&dcr=0&ei=s9QaWvz4I6-H8Qet94TYAg&gws_rd=ssl"
1511707827965	Marionette	DEBUG	Received DOM event "pageshow" for "https://www.google.co.in/?gfe_rd=cr&dcr=0&ei=s9QaWvz4I6-H8Qet94TYAg&gws_rd=ssl"
1511707828181	Marionette	DEBUG	Received DOM event "beforeunload" for "https://www.google.co.in/?gfe_rd=cr&dcr=0&ei=s9QaWvz4I6-H8Qet94TYAg&gws_rd=ssl"
1511707828324	Marionette	DEBUG	Received DOM event "pagehide" for "https://www.google.co.in/?gfe_rd=cr&dcr=0&ei=s9QaWvz4I6-H8Qet94TYAg&gws_rd=ssl"
1511707828327	Marionette	DEBUG	Received DOM event "unload" for "https://www.google.co.in/?gfe_rd=cr&dcr=0&ei=s9QaWvz4I6-H8Qet94TYAg&gws_rd=ssl"
1511707829082	Marionette	DEBUG	Received DOM event "DOMContentLoaded" for "https://www.google.co.in/search?dcr=0&source=hp&ei=tNQaWo6SA8vPvgSarYiYDQ&q=selenium&oq=selenium&gs_l=psy-ab.12...772.804.0.879.8.1.0.0.0.0.0.0..0.0....0...1c.1.64.psy-ab..8.0.0....0.pXbs9qXixzc"
1511707829852	Marionette	DEBUG	Received DOM event "pageshow" for "https://www.google.co.in/search?dcr=0&source=hp&ei=tNQaWo6SA8vPvgSarYiYDQ&q=selenium&oq=selenium&gs_l=psy-ab.12...772.804.0.879.8.1.0.0.0.0.0.0..0.0....0...1c.1.64.psy-ab..8.0.0....0.pXbs9qXixzc"
]]></system-err>
  </testcase>
</testsuite>